D:\04 ЭОМ СС\01 структурки.dwg,розетки,07.09.2020 10:24:33,Антон,AutoCAD PDF (General Documentation).pc3,ISO расш. A2 (594.00 x 420.00 мм),1:1.04944,
D:\04 ЭОМ СС\01 структурки.dwg,стационарное,07.09.2020 10:25:24,Антон,AutoCAD PDF (General Documentation).pc3,ISO расш. A4 (210.00 x 297.00 мм),1:1.0722,
D:\04 ЭОМ СС\01 структурки.dwg,освещение,07.09.2020 10:25:55,Антон,AutoCAD PDF (General Documentation).pc3,ISO расш. A2 (420.00 x 594.00 мм),1:1.03464,
D:\04 ЭОМ СС\01 структурки.dwg,слаботочка,07.09.2020 10:26:28,Антон,AutoCAD PDF (General Documentation).pc3,ISO расш. A3 (297.00 x 420.00 мм),1:1.00122,
D:\04 ЭОМ СС\01 структурки.dwg,шкафы часы,07.09.2020 10:26:53,Антон,AutoCAD PDF (General Documentation).pc3,ISO расш. A3 (297.00 x 420.00 мм),1:0.997406,
D:\04 ЭОМ СС\01 структурки.dwg,автом климат,07.09.2020 10:27:14,Антон,AutoCAD PDF (General Documentation).pc3,ISO расш. A2 (420.00 x 594.00 мм),1:1.03464,
D:\04 ЭОМ СС\01 структурки.dwg,автом общая,07.09.2020 10:27:40,Антон,AutoCAD PDF (General Documentation).pc3,ISO расш. A3 (297.00 x 420.00 мм),1:0.997406,
D:\04 ЭОМ СС\01 структурки.dwg,ПС и ТС,07.09.2020 10:28:11,Антон,AutoCAD PDF (General Documentation).pc3,ISO без полей A3 (297.00 x 420.00 мм),1:0.949911,
D:\04 ЭОМ СС\02 план.dwg,стационарное,07.09.2020 10:36:40,Антон,AutoCAD PDF (General Documentation).pc3,ISO A0 (841.00 x 1189.00 мм),1:0.995931,
D:\04 ЭОМ СС\02 план.dwg,освещение,07.09.2020 10:37:09,Антон,AutoCAD PDF (General Documentation).pc3,ISO A0 (841.00 x 1189.00 мм),1:0.995931,
D:\04 ЭОМ СС\02 план.dwg,слаботочка,07.09.2020 10:37:29,Антон,AutoCAD PDF (General Documentation).pc3,ISO A0 (841.00 x 1189.00 мм),1:0.995931,
D:\04 ЭОМ СС\02 план.dwg,автом климат,07.09.2020 10:37:51,Антон,AutoCAD PDF (General Documentation).pc3,ISO A0 (841.00 x 1189.00 мм),1:0.995931,
D:\04 ЭОМ СС\02 план.dwg,автом общая,07.09.2020 10:38:14,Антон,AutoCAD PDF (General Documentation).pc3,ISO A0 (841.00 x 1189.00 мм),1:0.995931,
D:\04 ЭОМ СС\02 план.dwg,ПС и ТС,07.09.2020 10:38:30,Антон,AutoCAD PDF (General Documentation).pc3,ISO A0 (841.00 x 1189.00 мм),1:0.995931,
D:\04 ЭОМ СС\02 план.dwg,лотки,07.09.2020 10:39:39,Антон,AutoCAD PDF (General Documentation).pc3,ISO A0 (841.00 x 1189.00 мм),1:0.995931,
D:\04 ЭОМ СС\02 план.dwg,ДСУП,07.09.2020 10:39:58,Антон,AutoCAD PDF (General Documentation).pc3,ISO A0 (841.00 x 1189.00 мм),1:0.995931,
D:\03 РД\04 ЭОМ СС\03 схемы подключения.dwg,2,19.10.2020 16:02:37,Антон,AutoCAD PDF (General Documentation).pc3,ISO без полей A4 (210.00 x 297.00 мм),1:1,
D:\03 РД\04 ЭОМ СС\03 схемы подключения.dwg,3,19.10.2020 16:04:06,Антон,AutoCAD PDF (General Documentation).pc3,ISO расш. A2 (420.00 x 594.00 мм),1:1.03429,
D:\03 РД\04 ЭОМ СС\03 схемы подключения.dwg,4,19.10.2020 16:04:29,Антон,AutoCAD PDF (General Documentation).pc3,ISO расш. A2 (420.00 x 594.00 мм),1:1.03429,
D:\03 РД\04 ЭОМ СС\03 схемы подключения.dwg,5,19.10.2020 16:05:35,Антон,AutoCAD PDF (General Documentation).pc3,ISO расш. A3 (420.00 x 297.00 мм),1:1.0185,
D:\03 РД\04 ЭОМ СС\03 схемы подключения.dwg,5,19.10.2020 16:06:30,Антон,AutoCAD PDF (General Documentation).pc3,ISO расш. A3 (420.00 x 297.00 мм),1:1.0185,
D:\03 РД\04 ЭОМ СС\03 схемы подключения.dwg,ДСУП,19.10.2020 16:06:57,Антон,AutoCAD PDF (General Documentation).pc3,ISO без полей A4 (210.00 x 297.00 мм),1:1,
D:\03 РД\20 Развертки\01 спальня.dwg,Лист1,19.10.2020 16:26:46,Антон,AutoCAD PDF (General Documentation).pc3,ISO без полей 2A0 (1189.00 x 1682.00 мм),1:1,
